0 info it worked if it ends with ok
1 verbose cli [ 'C:\\Program Files\\nodejs\\node.exe',
1 verbose cli   'C:\\Program Files\\nodejs\\node_modules\\npm\\bin\\npm-cli.js',
1 verbose cli   'start' ]
2 info using npm@3.10.8
3 info using node@v6.9.0
4 verbose run-script [ 'prestart', 'start', 'poststart' ]
5 info lifecycle whslernbot@1.0.0~prestart: whslernbot@1.0.0
6 silly lifecycle whslernbot@1.0.0~prestart: no script for prestart, continuing
7 info lifecycle whslernbot@1.0.0~start: whslernbot@1.0.0
8 verbose lifecycle whslernbot@1.0.0~start: unsafe-perm in lifecycle true
9 verbose lifecycle whslernbot@1.0.0~start: PATH: C:\Program Files\nodejs\node_modules\npm\bin\node-gyp-bin;C:\Users\Pascal\Documents\GitHub\WHSLernbot\node_modules\.bin;C:\Program Files (x86)\Intel\iCLS Client\;C:\Program Files\Intel\iCLS Client\;C:\Windows\system32;C:\Windows;C:\Windows\System32\Wbem;C:\Windows\System32\WindowsPowerShell\v1.0\;C:\Program Files\Intel\Intel(R) Management Engine Components\DAL;C:\Program Files\Intel\Intel(R) Management Engine Components\IPT;C:\Program Files (x86)\Intel\Intel(R) Management Engine Components\DAL;C:\Program Files (x86)\Intel\Intel(R) Management Engine Components\IPT;C:\Program Files (x86)\Skype\Phone\;C:\Program Files (x86)\NVIDIA Corporation\PhysX\Common;C:\Program Files (x86)\Heroku\bin;C:\Program Files (x86)\git\cmd;C:\Program Files (x86)\Git\cmd;%NVM_HOME%;%NVM_SYMLINK%;C:\Program Files\nodejs\;C:\Users\Pascal\AppData\Local\Apps\cURL\bin;C:\Users\Pascal\AppData\Roaming\nvm;C:\Program Files\nodejs;C:\Users\Pascal\AppData\Roaming\npm
10 verbose lifecycle whslernbot@1.0.0~start: CWD: C:\Users\Pascal\Documents\GitHub\WHSLernbot
11 silly lifecycle whslernbot@1.0.0~start: Args: [ '/d /s /c',
11 silly lifecycle   'set WIT_TOKEN=CGBYUN4LXOWMTKFRX27VQ3KLQHN4CGSW && set FB_APP_SECRET=5b08d77fc021fd7e2ff19f1e1d91f492 && set FB_PAGE_TOKEN=EAAEptgPI2UoBAIgFgdWRO60ciVLri64e4ZBXbsUGSOyxDxLZAkZBWbveTw1NpP9SU6U6XV9ZB0T8ZBFOPnqmDeZCukWcCAhf8nhtUDSRbwPiYrwPIrLUJPU3QV53bxatZAnZBYuqH7ADaxvu85EL9OcPhj5VEFzo9cj48Ui8ykrEkk5ZCO1QdG5ev && set FB_VERIFY_TOKEN=chatbot && node index.js' ]
12 verbose stack Error: kill ENOSYS
12 verbose stack     at exports._errnoException (util.js:1026:11)
12 verbose stack     at process.kill (internal/process.js:172:13)
12 verbose stack     at process.listener (C:\Program Files\nodejs\node_modules\npm\node_modules\npmlog\node_modules\gauge\node_modules\signal-exit\index.js:86:15)
12 verbose stack     at emitNone (events.js:91:20)
12 verbose stack     at process.emit (events.js:185:7)
12 verbose stack     at processEmit (C:\Program Files\nodejs\node_modules\npm\node_modules\npmlog\node_modules\gauge\node_modules\signal-exit\index.js:146:32)
12 verbose stack     at processEmit (C:\Program Files\nodejs\node_modules\npm\node_modules\npm-registry-client\node_modules\npmlog\node_modules\gauge\node_modules\signal-exit\index.js:146:32)
12 verbose stack     at Signal.wrap.onsignal (internal/process.js:199:44)
13 verbose cwd C:\Users\Pascal\Documents\GitHub\WHSLernbot
14 error Windows_NT 6.1.7601
15 error argv "C:\\Program Files\\nodejs\\node.exe" "C:\\Program Files\\nodejs\\node_modules\\npm\\bin\\npm-cli.js" "start"
16 error node v6.9.0
17 error npm  v3.10.8
18 error code ENOSYS
19 error errno ENOSYS
20 error syscall kill
21 error kill ENOSYS
22 error If you need help, you may report this error at:
22 error     <https://github.com/npm/npm/issues>
23 verbose exit [ 1, true ]
